<?xml version="1.0" encoding="UTF-8" ?>
<testsuites>
 <testsuite name="Untitled_script" package="DEMO 2.suite" timestamp="2023-11-28 12:32:52.428 +0530"
 tests="1"  failures="1" errors="1" time="16.127000">
  <properties>
   <property name="RunDate" value="2023-11-28 12:32:52.428 +0530"/>
   <property name="Status" value="Failure"/>
  </properties>
  <testcase name="Untitled.script" assertions="1" status="error"  time="16.115">
    <failure type="FAILURE" message="Image Not Found: imagelocation Error - Unable To Find Image &quot;Contacts&quot; -- Execution Time 0:00:16 Untitled.script" />
    <error type="Exception" message="Unable To Find Image &quot;Contacts&quot;" />
  </testcase>
 </testsuite>
</testsuites>
